<?xml version="1.0" encoding="UTF-8"?>
<testsuite xmlns:xsi="http://www.w3.org/2001/XMLSchema-instance" xsi:noNamespaceSchemaLocation="https://maven.apache.org/surefire/maven-surefire-plugin/xsd/surefire-test-report-3.0.xsd" version="3.0" name="UserServiceTest" time="0.785" tests="6" errors="0" skipped="0" failures="0">
  <properties>
[...]
</properties>
  <testcase name="saveUser" classname="UserServiceTest" time="0.723">
    <system-out><![CDATA[19:30:15.813 [main] WARN  org.hibernate.orm.connections.pooling - HHH10001002: Using Hibernate built-in connection pool (not for production use!)
]]></system-out>
  </testcase>
  <testcase name="removeUserById" classname="UserServiceTest" time="0.016"/>
  <testcase name="getAllUsers" classname="UserServiceTest" time="0.012"/>
  <testcase name="dropUsersTable" classname="UserServiceTest" time="0.004"/>
  <testcase name="createUsersTable" classname="UserServiceTest" time="0.004"/>
  <testcase name="cleanUsersTable" classname="UserServiceTest" time="0.006"/>
</testsuite>